<?xml version="1.0" encoding="UTF-8"?>
<!-- Generated by org.testng.reporters.JUnitReportReporter -->
<testsuite hostname="pintoalves-Latitude-5410" failures="0" tests="1" name="test.Android.LoginScreen.loginscreenhappypath" time="24.751" errors="0" timestamp="2025-05-13T22:51:38 WEST" skipped="0">
  <testcase classname="test.Android.LoginScreen.loginscreenhappypath" name="LoginScreenTest" time="24.751"/>
</testsuite> <!-- test.Android.LoginScreen.loginscreenhappypath -->
