<?xml version="1.0" encoding="UTF-8"?>
<!-- Generated by org.testng.reporters.JUnitReportReporter -->
<testsuite hostname="pintoalves-Latitude-5410" failures="0" tests="1" name="test.Android.AccountCreation.accountcreationfieldsblank" time="18.320" errors="0" timestamp="2025-05-13T22:51:38 WEST" skipped="0">
  <testcase classname="test.Android.AccountCreation.accountcreationfieldsblank" name="accountCreation_fieldsBlank" time="18.320"/>
</testsuite> <!-- test.Android.AccountCreation.accountcreationfieldsblank -->
