<?xml version="1.0" encoding="UTF-8"?>
<!-- Generated by org.testng.reporters.JUnitReportReporter -->
<testsuite hostname="pintoalves-Latitude-5410" failures="0" tests="1" name="test.Android.AccountCreation.accountcreationhappypath" time="15.168" errors="0" timestamp="2025-05-13T22:51:38 WEST" skipped="0">
  <testcase classname="test.Android.AccountCreation.accountcreationhappypath" name="accountCreation" time="15.168"/>
</testsuite> <!-- test.Android.AccountCreation.accountcreationhappypath -->
