<?xml version="1.0" encoding="UTF-8"?>
<!-- Generated by org.testng.reporters.JUnitReportReporter -->
<testsuite hostname="pintoalves-Latitude-5410" failures="0" tests="1" name="test.Android.LoginScreen.loginscreenhappypath" time="23.326" errors="0" timestamp="2025-05-13T14:50:22 WEST" skipped="0">
  <testcase classname="test.Android.LoginScreen.loginscreenhappypath" name="LoginScreenTest" time="23.326"/>
</testsuite> <!-- test.Android.LoginScreen.loginscreenhappypath -->
