<?xml version="1.0" encoding="UTF-8"?>
<!-- Generated by org.testng.reporters.JUnitReportReporter -->
<testsuite hostname="pintoalves-Latitude-5410" failures="0" tests="1" name="test.Android.AccountCreation.accountcreationhappypath" time="29.332" errors="0" timestamp="2025-05-13T14:50:22 WEST" skipped="0">
  <testcase classname="test.Android.AccountCreation.accountcreationhappypath" name="accountCreation" time="29.332"/>
</testsuite> <!-- test.Android.AccountCreation.accountcreationhappypath -->
